2025-05-21 15:40:11,449 - main - INFO - === INICIANDO APLICACIÓN DE LOGIN FACIAL ===
2025-05-21 15:40:11,486 - main - INFO - Inicializando conexión a MongoDB...
2025-05-21 15:40:11,486 - database - INFO - Intentando conectar a MongoDB: mongodb+srv://[credenciales]@cluster0.o0c70at.mongodb.net/
2025-05-21 15:40:13,079 - database - INFO - Conexión exitosa a MongoDB - Base de datos: face_login_db
2025-05-21 15:40:13,082 - main - INFO - Conexión a MongoDB inicializada correctamente
2025-05-21 15:40:13,181 - main - INFO - Verificando conexión a MongoDB...
2025-05-21 15:40:13,282 - main - INFO - Verificación de conexión a MongoDB exitosa
2025-05-21 15:40:35,859 - main - INFO - Verificando conexión a MongoDB...
2025-05-21 15:40:35,964 - main - INFO - Verificación de conexión a MongoDB exitosa
2025-05-21 15:41:06,136 - main - INFO - Verificando conexión a MongoDB...
2025-05-21 15:41:06,777 - main - INFO - Verificación de conexión a MongoDB exitosa
2025-05-21 15:41:35,849 - main - INFO - Verificando conexión a MongoDB...
2025-05-21 15:41:35,952 - main - INFO - Verificación de conexión a MongoDB exitosa
2025-05-21 15:42:06,165 - main - INFO - Verificando conexión a MongoDB...
2025-05-21 15:42:06,881 - main - INFO - Verificación de conexión a MongoDB exitosa
2025-05-21 15:42:35,816 - main - INFO - Verificando conexión a MongoDB...
2025-05-21 15:42:35,915 - main - INFO - Verificación de conexión a MongoDB exitosa
2025-05-21 15:43:06,340 - main - INFO - Verificando conexión a MongoDB...
2025-05-21 15:43:07,100 - main - INFO - Verificación de conexión a MongoDB exitosa
2025-05-21 15:43:35,820 - main - INFO - Verificando conexión a MongoDB...
2025-05-21 15:43:35,930 - main - INFO - Verificación de conexión a MongoDB exitosa
2025-05-21 15:44:06,110 - main - INFO - Verificando conexión a MongoDB...
2025-05-21 15:44:06,805 - main - INFO - Verificación de conexión a MongoDB exitosa
2025-05-21 15:44:35,822 - main - INFO - Verificando conexión a MongoDB...
2025-05-21 15:44:35,934 - main - INFO - Verificación de conexión a MongoDB exitosa
2025-05-21 15:45:06,136 - main - INFO - Verificando conexión a MongoDB...
2025-05-21 15:45:06,863 - main - INFO - Verificación de conexión a MongoDB exitosa
2025-05-21 15:45:35,821 - main - INFO - Verificando conexión a MongoDB...
2025-05-21 15:45:35,929 - main - INFO - Verificación de conexión a MongoDB exitosa
2025-05-21 15:46:06,140 - main - INFO - Verificando conexión a MongoDB...
2025-05-21 15:46:06,802 - main - INFO - Verificación de conexión a MongoDB exitosa
2025-05-21 15:46:35,842 - main - INFO - Verificando conexión a MongoDB...
2025-05-21 15:46:35,946 - main - INFO - Verificación de conexión a MongoDB exitosa
2025-05-21 15:47:06,305 - main - INFO - Verificando conexión a MongoDB...
2025-05-21 15:47:07,013 - main - INFO - Verificación de conexión a MongoDB exitosa
2025-05-21 15:47:35,832 - main - INFO - Verificando conexión a MongoDB...
2025-05-21 15:47:35,968 - main - INFO - Verificación de conexión a MongoDB exitosa
2025-05-21 15:48:06,120 - main - INFO - Verificando conexión a MongoDB...
2025-05-21 15:48:06,810 - main - INFO - Verificación de conexión a MongoDB exitosa
2025-05-21 15:48:35,803 - main - INFO - Verificando conexión a MongoDB...
2025-05-21 15:48:36,023 - main - INFO - Verificación de conexión a MongoDB exitosa
2025-05-21 15:49:06,200 - main - INFO - Verificando conexión a MongoDB...
2025-05-21 15:49:06,857 - main - INFO - Verificación de conexión a MongoDB exitosa
2025-05-21 15:49:35,807 - main - INFO - Verificando conexión a MongoDB...
2025-05-21 15:49:35,903 - main - INFO - Verificación de conexión a MongoDB exitosa
2025-05-21 15:50:06,115 - main - INFO - Verificando conexión a MongoDB...
2025-05-21 15:50:06,730 - main - INFO - Verificación de conexión a MongoDB exitosa
2025-05-21 15:50:35,806 - main - INFO - Verificando conexión a MongoDB...
2025-05-21 15:50:35,909 - main - INFO - Verificación de conexión a MongoDB exitosa
2025-05-21 15:51:06,123 - main - INFO - Verificando conexión a MongoDB...
2025-05-21 15:51:06,841 - main - INFO - Verificación de conexión a MongoDB exitosa
2025-05-21 15:51:35,831 - main - INFO - Verificando conexión a MongoDB...
2025-05-21 15:51:35,955 - main - INFO - Verificación de conexión a MongoDB exitosa
2025-05-21 15:52:06,168 - main - INFO - Verificando conexión a MongoDB...
2025-05-21 15:52:06,802 - main - INFO - Verificación de conexión a MongoDB exitosa
2025-05-21 15:52:35,812 - main - INFO - Verificando conexión a MongoDB...
2025-05-21 15:52:35,910 - main - INFO - Verificación de conexión a MongoDB exitosa
2025-05-21 15:53:06,134 - main - INFO - Verificando conexión a MongoDB...
2025-05-21 15:53:06,824 - main - INFO - Verificación de conexión a MongoDB exitosa
2025-05-21 15:53:35,830 - main - INFO - Verificando conexión a MongoDB...
2025-05-21 15:53:35,944 - main - INFO - Verificación de conexión a MongoDB exitosa
2025-05-21 15:54:06,130 - main - INFO - Verificando conexión a MongoDB...
2025-05-21 15:54:06,778 - main - INFO - Verificación de conexión a MongoDB exitosa
2025-05-21 15:54:35,806 - main - INFO - Verificando conexión a MongoDB...
2025-05-21 15:54:35,905 - main - INFO - Verificación de conexión a MongoDB exitosa
2025-05-21 15:55:06,183 - main - INFO - Verificando conexión a MongoDB...
2025-05-21 15:55:06,814 - main - INFO - Verificación de conexión a MongoDB exitosa
2025-05-21 15:55:35,833 - main - INFO - Verificando conexión a MongoDB...
2025-05-21 15:55:35,933 - main - INFO - Verificación de conexión a MongoDB exitosa
2025-05-21 15:56:06,128 - main - INFO - Verificando conexión a MongoDB...
2025-05-21 15:56:06,771 - main - INFO - Verificación de conexión a MongoDB exitosa
2025-05-21 15:56:35,804 - main - INFO - Verificando conexión a MongoDB...
2025-05-21 15:56:35,902 - main - INFO - Verificación de conexión a MongoDB exitosa
2025-05-21 15:57:06,111 - main - INFO - Verificando conexión a MongoDB...
2025-05-21 15:57:06,785 - main - INFO - Verificación de conexión a MongoDB exitosa
2025-05-21 15:57:35,804 - main - INFO - Verificando conexión a MongoDB...
2025-05-21 15:57:35,903 - main - INFO - Verificación de conexión a MongoDB exitosa
2025-05-21 15:57:41,016 - main - INFO - Cerrando conexión a MongoDB...
2025-05-21 15:57:41,126 - database - INFO - Conexión a MongoDB cerrada
2025-05-21 15:57:41,182 - main - INFO - Conexión a MongoDB cerrada correctamente
2025-05-21 15:58:03,015 - main - INFO - === INICIANDO APLICACIÓN DE LOGIN FACIAL ===
2025-05-21 15:58:03,180 - main - INFO - Inicializando conexión a MongoDB...
2025-05-21 15:58:03,183 - database - INFO - Intentando conectar a MongoDB: mongodb+srv://[credenciales]@cluster0.o0c70at.mongodb.net/
2025-05-21 15:58:35,085 - main - INFO - === INICIANDO APLICACIÓN DE LOGIN FACIAL ===
2025-05-21 15:58:35,237 - main - INFO - Inicializando conexión a MongoDB...
2025-05-21 15:58:35,242 - database - INFO - Intentando conectar a MongoDB: mongodb+srv://[credenciales]@cluster0.o0c70at.mongodb.net/
